execve("./hello", ["./hello"], 0x7fffc0db7ab0 /* 10 vars */) = 0
brk(NULL)                               = 0x1996000
access("/etc/ld.so.preload", R_OK)      = -1 ENOENT (No such file or directory)
openat(AT_FDCWD, "/etc/ld.so.cache", O_RDONLY|O_CLOEXEC) = 3
fstat(3, {st_mode=S_IFREG|0644, st_size=32785, ...}) = 0
mmap(NULL, 32785, PROT_READ, MAP_PRIVATE, 3, 0) = 0x7f3a54c57000
close(3)                                = 0
openat(AT_FDCWD, "/lib/x86_64-linux-gnu/libc.so.6", O_RDONLY|O_CLOEXEC) = 3
read(3, "\177ELF\2\1\1\3\0\0\0\0\0\0\0\0\3\0>\0\1\0\0\0@n\2\0\0\0\0\0"..., 832) = 832
fstat(3, {st_mode=S_IFREG|0755, st_size=1839792, ...}) = 0
mmap(NULL, 8192, PROT_READ|PROT_WRITE, MAP_PRIVATE|MAP_ANONYMOUS, -1, 0) = 0x7f3a54c55000
mmap(NULL, 1852680, PROT_READ, MAP_PRIVATE|MAP_DENYWRITE, 3, 0) = 0x7f3a54a90000
mprotect(0x7f3a54ab5000, 1662976, PROT_NONE) = 0
mmap(0x7f3a54ab5000, 1355776, PROT_READ|PROT_EXEC, MAP_PRIVATE|MAP_FIXED|MAP_DENYWRITE, 3, 0x25000) = 0x7f3a54ab5000
mmap(0x7f3a54c00000, 303104, PROT_READ, MAP_PRIVATE|MAP_FIXED|MAP_DENYWRITE, 3, 0x170000) = 0x7f3a54c00000
mmap(0x7f3a54c4b000, 24576, PROT_READ|PROT_WRITE, MAP_PRIVATE|MAP_FIXED|MAP_DENYWRITE, 3, 0x1ba000) = 0x7f3a54c4b000
mmap(0x7f3a54c51000, 13576, PROT_READ|PROT_WRITE, MAP_PRIVATE|MAP_FIXED|MAP_ANONYMOUS, -1, 0) = 0x7f3a54c51000
close(3)                                = 0
arch_prctl(ARCH_SET_FS, 0x7f3a54c56540) = 0
mprotect(0x7f3a54c4b000, 12288, PROT_READ) = 0
mprotect(0x403000, 4096, PROT_READ)     = 0
mprotect(0x7f3a54c8a000, 4096, PROT_READ) = 0
munmap(0x7f3a54c57000, 32785)           = 0
fstat(1, {st_mode=S_IFCHR|0620, st_rdev=makedev(0x88, 0x1), ...}) = 0
brk(NULL)                               = 0x1996000
brk(0x19b7000)                          = 0x19b7000
write(1, "Hello World\n", 12)           = 12
exit_group(0)                           = ?
+++ exited with 0 +++
